<?xml version="1.0" encoding="UTF-8" ?>
<testsuite tests="1" failures="0" name="me.AppTest" time="0.003" errors="0" skipped="0">
  <properties>
    <property name="java.runtime.name" value="OpenJDK Runtime Environment"/>
    <property name="java.vm.version" value="16+36-2231"/>
    <property name="sun.boot.library.path" value="C:\openjdk-16\bin"/>
    <property name="maven.multiModuleProjectDirectory" value="C:\Users\Kamron\Documents\GitHub\BetterAntiSwear"/>
    <property name="java.vm.vendor" value="Oracle Corporation"/>
    <property name="java.vendor.url" value="https://java.oracle.com/"/>
    <property name="guice.disable.misplaced.annotation.check" value="true"/>
    <property name="path.separator" value=";"/>
    <property name="java.vm.name" value="OpenJDK 64-Bit Server VM"/>
    <property name="sun.os.patch.level" value=""/>
    <property name="user.script" value=""/>
    <property name="user.country" value="US"/>
    <property name="sun.java.launcher" value="SUN_STANDARD"/>
    <property name="java.vm.specification.name" value="Java Virtual Machine Specification"/>
    <property name="user.dir" value="C:\Users\Kamron\Documents\GitHub\BetterAntiSwear"/>
    <property name="java.vm.compressedOopsMode" value="Zero based"/>
    <property name="java.runtime.version" value="16+36-2231"/>
    <property name="os.arch" value="amd64"/>
    <property name="java.io.tmpdir" value="C:\Users\Kamron\AppData\Local\Temp\"/>
    <property name="line.separator" value="
"/>
    <property name="java.vm.specification.vendor" value="Oracle Corporation"/>
    <property name="user.variant" value=""/>
    <property name="os.name" value="Windows 10"/>
    <property name="classworlds.conf" value="C:\apache-maven-3.8.1\bin\..\bin\m2.conf"/>
    <property name="sun.jnu.encoding" value="Cp1252"/>
    <property name="java.library.path" value="C:\openjdk-16\bin;C:\WINDOWS\Sun\Java\bin;C:\WINDOWS\system32;C:\WINDOWS;C:\Program Files (x86)\Razer\ChromaBroadcast\bin;C:\Program Files\Razer\ChromaBroadcast\bin;C:\Program Files\Common Files\Oracle\Java\javapath;C:\Program Files (x86)\Common Files\Oracle\Java\javapath;C:\Program Files (x86)\Razer Chroma SDK\bin;C:\Program Files\Razer Chroma SDK\bin;C:\WINDOWS\system32;C:\WINDOWS;C:\WINDOWS\System32\Wbem;C:\WINDOWS\System32\WindowsPowerShell\v1.0\;C:\WINDOWS\System32\OpenSSH\;C:\Program Files\NVIDIA Corporation\NVIDIA NvDLISR;C:\Program Files (x86)\NVIDIA Corporation\PhysX\Common;C:\Program Files\Microsoft SQL Server\130\Tools\Binn\;C:\Users\Kamron\AppData\Local\Programs\Python\Python38\Scripts\;C:\Users\Kamron\AppData\Local\Programs\Python\Python38\;C:\Users\Kamron\AppData\Local\Microsoft\WindowsApps;C:\Users\Kamron\.dotnet\tools;C:\Users\Kamron\AppData\Local\Programs\Python\Python38\Scripts\pip.exe;C:\Users\Kamron\AppData\Local\Programs\Python\Python38\python.exe;C:\Users\Kamron\AppData\Local\Programs\Microsoft VS Code\bin;C:\Users\Kamron\AppData\Local\Programs\Python\Python38\Lib\site-packages;C:\Users\Kamron\AppData\Local\GitHubDesktop\bin;C:\Program Files\Microsoft SQL Server\Client SDK\ODBC\170\Tools\Binn\;C:\Program Files\Git\cmd;C:\Go\bin;C:\Program Files (x86)\Notepad++\;C:\Users\Kamron\anaconda3\Scripts;C:\Program Files\dotnet\;C:\Program Files\Docker\Docker\resources\bin;C:\ProgramData\DockerDesktop\version-bin;C:\WINDOWS\system32\config\systemprofile\AppData\Local\Microsoft\WindowsApps;C:\apache-maven-3.8.1\bin;C:\Users\Kamron\AppData\Local\Programs\Python\Python38\Scripts\;C:\Users\Kamron\AppData\Local\Programs\Python\Python38\;C:\Users\Kamron\AppData\Local\Microsoft\WindowsApps;C:\Users\Kamron\.dotnet\tools;C:\Users\Kamron\AppData\Local\Programs\Python\Python38\Scripts\pip.exe;C:\Users\Kamron\AppData\Local\Programs\Python\Python38\python.exe;C:\Users\Kamron\AppData\Local\Programs\Microsoft VS Code\bin;C:\Users\Kamron\AppData\Local\Programs\Python\Python38\Lib\site-packages;C:\Users\Kamron\AppData\Local\GitHubDesktop\bin;C:\Users\Kamron\go\bin;C:\Users\Kamron\Documents\GitHub\SoftDevI;C:\Users\Kamron\.dotnet\tools;."/>
    <property name="maven.conf" value="C:\apache-maven-3.8.1\bin\../conf"/>
    <property name="jdk.debug" value="release"/>
    <property name="java.class.version" value="60.0"/>
    <property name="java.specification.name" value="Java Platform API Specification"/>
    <property name="sun.management.compiler" value="HotSpot 64-Bit Tiered Compilers"/>
    <property name="os.version" value="10.0"/>
    <property name="library.jansi.path" value="C:\apache-maven-3.8.1\bin\..\lib\jansi-native"/>
    <property name="user.home" value="C:\Users\Kamron"/>
    <property name="user.timezone" value="America/New_York"/>
    <property name="file.encoding" value="Cp1252"/>
    <property name="java.specification.version" value="16"/>
    <property name="user.name" value="Kamron"/>
    <property name="java.class.path" value="C:\apache-maven-3.8.1\bin\..\boot\plexus-classworlds-2.6.0.jar"/>
    <property name="java.vm.specification.version" value="16"/>
    <property name="sun.arch.data.model" value="64"/>
    <property name="sun.java.command" value="org.codehaus.plexus.classworlds.launcher.Launcher package -f c:\Users\Kamron\Documents\GitHub\BetterAntiSwear\BetterAntiSwear\pom.xml"/>
    <property name="java.home" value="C:\openjdk-16"/>
    <property name="user.language" value="en"/>
    <property name="java.specification.vendor" value="Oracle Corporation"/>
    <property name="java.vm.info" value="mixed mode, sharing"/>
    <property name="java.version" value="16"/>
    <property name="java.vendor" value="Oracle Corporation"/>
    <property name="sun.stderr.encoding" value="cp437"/>
    <property name="maven.home" value="C:\apache-maven-3.8.1\bin\.."/>
    <property name="file.separator" value="\"/>
    <property name="java.version.date" value="2021-03-16"/>
    <property name="java.vendor.url.bug" value="https://bugreport.java.com/bugreport/"/>
    <property name="sun.io.unicode.encoding" value="UnicodeLittle"/>
    <property name="sun.cpu.endian" value="little"/>
    <property name="sun.stdout.encoding" value="cp437"/>
    <property name="sun.cpu.isalist" value="amd64"/>
  </properties>
  <testcase classname="me.AppTest" name="testApp" time="0.003"/>
</testsuite>